\BOOKMARK [0][]{chapter.1}{Ripasso E.D.O.}{}% 1
\BOOKMARK [0][]{chapter.2}{Teorema di dipendenza continua dai dati iniziali}{}% 2
\BOOKMARK [1][]{section.2.1}{Il teorema}{chapter.2}% 3
\BOOKMARK [1][]{section.2.2}{Equazione alle variazioni}{chapter.2}% 4
\BOOKMARK [1][]{section.2.3}{Flusso associato ad una equazione differenziale}{chapter.2}% 5
\BOOKMARK [0][]{chapter.3}{Equazioni autonome}{}% 6
\BOOKMARK [1][]{section.3.1}{Equazioni autonome in una dimensione}{chapter.3}% 7
\BOOKMARK [2][]{subsection.3.1.1}{Equazione logistica}{section.3.1}% 8
\BOOKMARK [2][]{subsection.3.1.2}{Diagramma di fase}{section.3.1}% 9
\BOOKMARK [1][]{section.3.2}{Risultati e definizioni sui sistemi autonomi}{chapter.3}% 10
\BOOKMARK [1][]{section.3.3}{Stabilit\340 dei punti di equilibrio}{chapter.3}% 11
\BOOKMARK [1][]{section.3.4}{Equazioni autonome in due dimensioni}{chapter.3}% 12
\BOOKMARK [0][]{chapter.4}{Sistemi di E.D.O. lineari}{}% 13
\BOOKMARK [1][]{section.4.1}{Matrice diagonale}{chapter.4}% 14
\BOOKMARK [1][]{section.4.2}{Matrice diagonalizzabile}{chapter.4}% 15
\BOOKMARK [1][]{section.4.3}{Matrice esponenzialeDal paganisalsa}{chapter.4}% 16
\BOOKMARK [1][]{section.4.4}{Matrice con autovalori in \040C}{chapter.4}% 17
\BOOKMARK [1][]{section.4.5}{Matrice con autovalori regolari in \040R o in \040C}{chapter.4}% 18
\BOOKMARK [1][]{section.4.6}{Matrice generica}{chapter.4}% 19
\BOOKMARK [1][]{section.4.7}{Metodo di linearizzazione}{chapter.4}% 20
\BOOKMARK [0][]{chapter.5}{Metodo diretto di Lyapunov per lo studio della stabilit\340 degli equilibri}{}% 21
\BOOKMARK [1][]{section.5.1}{Applicazione del metodo di Lyapunov}{chapter.5}% 22
\BOOKMARK [1][]{section.5.2}{Alcuni risultati teorici}{chapter.5}% 23
